<?xml version="1.0" encoding="UTF-8"?>
<coverage generated="1774233442600" clover="3.2.0">
  <project timestamp="1774233442601" name="All files">
    <metrics statements="17" coveredstatements="17" conditionals="20" coveredconditionals="20" methods="6" coveredmethods="6" elements="43" coveredelements="43" complexity="0" loc="17" ncloc="17" packages="1" files="1" classes="1"/>
    <file name="calculadora.js" path="C:\Users\nahum\Desktop\proyecto-ci-cd\src\calculadora.js">
      <metrics statements="17" coveredstatements="17" conditionals="20" coveredconditionals="20" methods="6" coveredmethods="6"/>
      <line num="2" count="4" type="cond" truecount="4" falsecount="0"/>
      <line num="3" count="1" type="stmt"/>
      <line num="5" count="3" type="stmt"/>
      <line num="9" count="17" type="cond" truecount="4" falsecount="0"/>
      <line num="10" count="1" type="stmt"/>
      <line num="12" count="16" type="cond" truecount="4" falsecount="0"/>
      <line num="13" count="13" type="stmt"/>
      <line num="17" count="5" type="cond" truecount="2" falsecount="0"/>
      <line num="18" count="1" type="stmt"/>
      <line num="20" count="4" type="stmt"/>
      <line num="21" count="4" type="stmt"/>
      <line num="25" count="4" type="cond" truecount="4" falsecount="0"/>
      <line num="26" count="1" type="stmt"/>
      <line num="28" count="6" type="cond" truecount="2" falsecount="0"/>
      <line num="29" count="1" type="stmt"/>
      <line num="31" count="4" type="stmt"/>
      <line num="34" count="1" type="stmt"/>
    </file>
  </project>
</coverage>
