{"C:\\Users\\nahum\\Desktop\\proyecto-ci-cd\\src\\calculadora.js": {"path":"C:\\Users\\nahum\\Desktop\\proyecto-ci-cd\\src\\calculadora.js","statementMap":{"0":{"start":{"line":2,"column":2},"end":{"line":4,"column":3}},"1":{"start":{"line":3,"column":4},"end":{"line":3,"column":60}},"2":{"start":{"line":5,"column":2},"end":{"line":5,"column":15}},"3":{"start":{"line":9,"column":2},"end":{"line":11,"column":3}},"4":{"start":{"line":10,"column":4},"end":{"line":10,"column":72}},"5":{"start":{"line":12,"column":2},"end":{"line":12,"column":35}},"6":{"start":{"line":12,"column":26},"end":{"line":12,"column":35}},"7":{"start":{"line":13,"column":2},"end":{"line":13,"column":30}},"8":{"start":{"line":17,"column":2},"end":{"line":19,"column":3}},"9":{"start":{"line":18,"column":4},"end":{"line":18,"column":69}},"10":{"start":{"line":20,"column":17},"end":{"line":20,"column":56}},"11":{"start":{"line":21,"column":2},"end":{"line":21,"column":56}},"12":{"start":{"line":25,"column":2},"end":{"line":27,"column":3}},"13":{"start":{"line":26,"column":4},"end":{"line":26,"column":55}},"14":{"start":{"line":28,"column":2},"end":{"line":30,"column":3}},"15":{"start":{"line":28,"column":28},"end":{"line":28,"column":49}},"16":{"start":{"line":29,"column":4},"end":{"line":29,"column":65}},"17":{"start":{"line":31,"column":2},"end":{"line":31,"column":65}},"18":{"start":{"line":31,"column":36},"end":{"line":31,"column":43}},"19":{"start":{"line":34,"column":0},"end":{"line":34,"column":70}}},"fnMap":{"0":{"name":"sumar","decl":{"start":{"line":1,"column":9},"end":{"line":1,"column":14}},"loc":{"start":{"line":1,"column":21},"end":{"line":6,"column":1}},"line":1},"1":{"name":"factorial","decl":{"start":{"line":8,"column":9},"end":{"line":8,"column":18}},"loc":{"start":{"line":8,"column":22},"end":{"line":14,"column":1}},"line":8},"2":{"name":"esPalindromo","decl":{"start":{"line":16,"column":9},"end":{"line":16,"column":21}},"loc":{"start":{"line":16,"column":29},"end":{"line":22,"column":1}},"line":16},"3":{"name":"calcularPromedio","decl":{"start":{"line":24,"column":9},"end":{"line":24,"column":25}},"loc":{"start":{"line":24,"column":35},"end":{"line":32,"column":1}},"line":24},"4":{"name":"(anonymous_4)","decl":{"start":{"line":28,"column":21},"end":{"line":28,"column":22}},"loc":{"start":{"line":28,"column":28},"end":{"line":28,"column":49}},"line":28},"5":{"name":"(anonymous_5)","decl":{"start":{"line":31,"column":24},"end":{"line":31,"column":25}},"loc":{"start":{"line":31,"column":36},"end":{"line":31,"column":43}},"line":31}},"branchMap":{"0":{"loc":{"start":{"line":2,"column":2},"end":{"line":4,"column":3}},"type":"if","locations":[{"start":{"line":2,"column":2},"end":{"line":4,"column":3}},{"start":{},"end":{}}],"line":2},"1":{"loc":{"start":{"line":2,"column":6},"end":{"line":2,"column":52}},"type":"binary-expr","locations":[{"start":{"line":2,"column":6},"end":{"line":2,"column":27}},{"start":{"line":2,"column":31},"end":{"line":2,"column":52}}],"line":2},"2":{"loc":{"start":{"line":9,"column":2},"end":{"line":11,"column":3}},"type":"if","locations":[{"start":{"line":9,"column":2},"end":{"line":11,"column":3}},{"start":{},"end":{}}],"line":9},"3":{"loc":{"start":{"line":9,"column":6},"end":{"line":9,"column":35}},"type":"binary-expr","locations":[{"start":{"line":9,"column":6},"end":{"line":9,"column":26}},{"start":{"line":9,"column":30},"end":{"line":9,"column":35}}],"line":9},"4":{"loc":{"start":{"line":12,"column":2},"end":{"line":12,"column":35}},"type":"if","locations":[{"start":{"line":12,"column":2},"end":{"line":12,"column":35}},{"start":{},"end":{}}],"line":12},"5":{"loc":{"start":{"line":12,"column":6},"end":{"line":12,"column":24}},"type":"binary-expr","locations":[{"start":{"line":12,"column":6},"end":{"line":12,"column":13}},{"start":{"line":12,"column":17},"end":{"line":12,"column":24}}],"line":12},"6":{"loc":{"start":{"line":17,"column":2},"end":{"line":19,"column":3}},"type":"if","locations":[{"start":{"line":17,"column":2},"end":{"line":19,"column":3}},{"start":{},"end":{}}],"line":17},"7":{"loc":{"start":{"line":25,"column":2},"end":{"line":27,"column":3}},"type":"if","locations":[{"start":{"line":25,"column":2},"end":{"line":27,"column":3}},{"start":{},"end":{}}],"line":25},"8":{"loc":{"start":{"line":25,"column":6},"end":{"line":25,"column":53}},"type":"binary-expr","locations":[{"start":{"line":25,"column":6},"end":{"line":25,"column":29}},{"start":{"line":25,"column":33},"end":{"line":25,"column":53}}],"line":25},"9":{"loc":{"start":{"line":28,"column":2},"end":{"line":30,"column":3}},"type":"if","locations":[{"start":{"line":28,"column":2},"end":{"line":30,"column":3}},{"start":{},"end":{}}],"line":28}},"s":{"0":4,"1":1,"2":3,"3":17,"4":1,"5":16,"6":3,"7":13,"8":5,"9":1,"10":4,"11":4,"12":4,"13":1,"14":3,"15":6,"16":1,"17":2,"18":4,"19":1},"f":{"0":4,"1":17,"2":5,"3":4,"4":6,"5":4},"b":{"0":[1,3],"1":[4,3],"2":[1,16],"3":[17,17],"4":[3,13],"5":[16,15],"6":[1,4],"7":[1,3],"8":[4,4],"9":[1,2]},"_coverageSchema":"1a1c01bbd47fc00a2c39e90264f33305004495a9","hash":"73ae3f0aaedce7a1c2a698ed4a691838d934d35c"}
}
