TN:
SF:src\calculadora.js
FN:1,sumar
FN:8,factorial
FN:16,esPalindromo
FN:24,calcularPromedio
FN:28,(anonymous_4)
FN:31,(anonymous_5)
FNF:6
FNH:6
FNDA:4,sumar
FNDA:17,factorial
FNDA:5,esPalindromo
FNDA:4,calcularPromedio
FNDA:6,(anonymous_4)
FNDA:4,(anonymous_5)
DA:2,4
DA:3,1
DA:5,3
DA:9,17
DA:10,1
DA:12,16
DA:13,13
DA:17,5
DA:18,1
DA:20,4
DA:21,4
DA:25,4
DA:26,1
DA:28,6
DA:29,1
DA:31,4
DA:34,1
LF:17
LH:17
BRDA:2,0,0,1
BRDA:2,0,1,3
BRDA:2,1,0,4
BRDA:2,1,1,3
BRDA:9,2,0,1
BRDA:9,2,1,16
BRDA:9,3,0,17
BRDA:9,3,1,17
BRDA:12,4,0,3
BRDA:12,4,1,13
BRDA:12,5,0,16
BRDA:12,5,1,15
BRDA:17,6,0,1
BRDA:17,6,1,4
BRDA:25,7,0,1
BRDA:25,7,1,3
BRDA:25,8,0,4
BRDA:25,8,1,4
BRDA:28,9,0,1
BRDA:28,9,1,2
BRF:20
BRH:20
end_of_record
